#
# There is insufficient memory for the Java Runtime Environment to continue.
# Native memory allocation (mmap) failed to map 65536 bytes for Failed to commit metaspace.
# Possible reasons:
#   The system is out of physical RAM or swap space
#   The process is running with CompressedOops enabled, and the Java Heap may be blocking the growth of the native heap
# Possible solutions:
#   Reduce memory load on the system
#   Increase physical memory or swap space
#   Check if swap backing store is full
#   Decrease Java heap size (-Xmx/-Xms)
#   Decrease number of Java threads
#   Decrease Java thread stack sizes (-Xss)
#   Set larger code cache with -XX:ReservedCodeCacheSize=
#   JVM is running with Unscaled Compressed Oops mode in which the Java heap is
#     placed in the first 4GB address space. The Java Heap base address is the
#     maximum limit for the native heap growth. Please use -XX:HeapBaseMinAddress
#     to set the Java Heap base and to place the Java Heap above 4GB virtual address.
# This output file may be truncated or incomplete.
#
#  Out of Memory Error (virtualSpaceNode.cpp:110), pid=12976, tid=19516
#
# JRE version: OpenJDK Runtime Environment JBR-17.0.8.1+7-1072.1-jcef (17.0.8.1+7) (build 17.0.8.1+7-b1072.1)
# Java VM: OpenJDK 64-Bit Server VM JBR-17.0.8.1+7-1072.1-jcef (17.0.8.1+7-b1072.1, mixed mode, emulated-client, tiered, compressed oops, compressed class ptrs, g1 gc, windows-amd64)
# No core dump will be written. Minidumps are not enabled by default on client versions of Windows
#

---------------  S U M M A R Y ------------

Command Line: -XX:TieredStopAtLevel=1 -Dspring.output.ansi.enabled=always -Dcom.sun.management.jmxremote -Dspring.jmx.enabled=true -Dspring.liveBeansView.mbeanDomain -Dspring.application.admin.enabled=true -Dmanagement.endpoints.jmx.exposure.include=* -javaagent:C:\Users\zineb\AppData\Local\Programs\IntelliJ IDEA Ultimate\lib\idea_rt.jar=63564:C:\Users\zineb\AppData\Local\Programs\IntelliJ IDEA Ultimate\bin -Dfile.encoding=UTF-8 eddamghi.order_service.OrderServiceApplication

Host: Intel(R) Core(TM) i5-5300U CPU @ 2.30GHz, 4 cores, 7G,  Windows 11 , 64 bit Build 22621 (10.0.22621.2506)
Time: Sun Dec 24 15:57:06 2023 Morocco Daylight Time elapsed time: 4.411044 seconds (0d 0h 0m 4s)

---------------  T H R E A D  ---------------

Current thread (0x000002276e268f00):  JavaThread "main" [_thread_in_vm, id=19516, stack(0x00000039b2e00000,0x00000039b2f00000)]

Stack: [0x00000039b2e00000,0x00000039b2f00000]
Native frames: (J=compiled Java code, j=interpreted, Vv=VM code, C=native code)
V  [jvm.dll+0x68543a]
V  [jvm.dll+0x844c34]
V  [jvm.dll+0x84654e]
V  [jvm.dll+0x846bb3]
V  [jvm.dll+0x24b92f]
V  [jvm.dll+0x83ffeb]
V  [jvm.dll+0x629826]
V  [jvm.dll+0x1c2f4e]
V  [jvm.dll+0x62c171]
V  [jvm.dll+0x62a1c6]
V  [jvm.dll+0x63b059]
V  [jvm.dll+0x634374]
V  [jvm.dll+0x3878b1]
C  0x0000022771e0c294

Java frames: (J=compiled Java code, j=interpreted, Vv=VM code)
j  org.yaml.snakeyaml.representer.BaseRepresenter$1.<init>(Lorg/yaml/snakeyaml/representer/BaseRepresenter;)V+0
j  org.yaml.snakeyaml.representer.BaseRepresenter.<init>()V+46
j  org.yaml.snakeyaml.representer.SafeRepresenter.<init>(Lorg/yaml/snakeyaml/DumperOptions;)V+1
j  org.yaml.snakeyaml.representer.Representer.<init>(Lorg/yaml/snakeyaml/DumperOptions;)V+2
j  org.springframework.boot.env.OriginTrackedYamlLoader.createYaml(Lorg/yaml/snakeyaml/LoaderOptions;)Lorg/yaml/snakeyaml/Yaml;+23
j  org.springframework.boot.env.OriginTrackedYamlLoader.createYaml()Lorg/yaml/snakeyaml/Yaml;+32
j  org.springframework.beans.factory.config.YamlProcessor.process(Lorg/springframework/beans/factory/config/YamlProcessor$MatchCallback;)V+1
j  org.springframework.boot.env.OriginTrackedYamlLoader.load()Ljava/util/List;+16
j  org.springframework.boot.env.YamlPropertySourceLoader.load(Ljava/lang/String;Lorg/springframework/core/io/Resource;)Ljava/util/List;+37
j  org.springframework.boot.context.config.StandardConfigDataLoader.load(Lorg/springframework/boot/context/config/ConfigDataLoaderContext;Lorg/springframework/boot/context/config/StandardConfigDataResource;)Lorg/springframework/boot/context/config/ConfigData;+70
j  org.springframework.boot.context.config.StandardConfigDataLoader.load(Lorg/springframework/boot/context/config/ConfigDataLoaderContext;Lorg/springframework/boot/context/config/ConfigDataResource;)Lorg/springframework/boot/context/config/ConfigData;+6
j  org.springframework.boot.context.config.ConfigDataLoaders.load(Lorg/springframework/boot/context/config/ConfigDataLoaderContext;Lorg/springframework/boot/context/config/ConfigDataResource;)Lorg/springframework/boot/context/config/ConfigData;+29
j  org.springframework.boot.context.config.ConfigDataImporter.load(Lorg/springframework/boot/context/config/ConfigDataLoaderContext;Ljava/util/List;)Ljava/util/Map;+142
j  org.springframework.boot.context.config.ConfigDataImporter.resolveAndLoad(Lorg/springframework/boot/context/config/ConfigDataActivationContext;Lorg/springframework/boot/context/config/ConfigDataLocationResolverContext;Lorg/springframework/boot/context/config/ConfigDataLoaderContext;Ljava/util/List;)Ljava/util/Map;+29
j  org.springframework.boot.context.config.ConfigDataEnvironmentContributors.withProcessedImports(Lorg/springframework/boot/context/config/ConfigDataImporter;Lorg/springframework/boot/context/config/ConfigDataActivationContext;)Lorg/springframework/boot/context/config/ConfigDataEnvironmentContributors;+181
j  org.springframework.boot.context.config.ConfigDataEnvironment.processInitial(Lorg/springframework/boot/context/config/ConfigDataEnvironmentContributors;Lorg/springframework/boot/context/config/ConfigDataImporter;)Lorg/springframework/boot/context/config/ConfigDataEnvironmentContributors;+15
j  org.springframework.boot.context.config.ConfigDataEnvironment.processAndApply()V+42
j  org.springframework.boot.context.config.ConfigDataEnvironmentPostProcessor.postProcessEnvironment(Lorg/springframework/core/env/ConfigurableEnvironment;Lorg/springframework/core/io/ResourceLoader;Ljava/util/Collection;)V+34
j  org.springframework.boot.context.config.ConfigDataEnvironmentPostProcessor.postProcessEnvironment(Lorg/springframework/core/env/ConfigurableEnvironment;Lorg/springframework/boot/SpringApplication;)V+10
j  org.springframework.boot.env.EnvironmentPostProcessorApplicationListener.onApplicationEnvironmentPreparedEvent(Lorg/springframework/boot/context/event/ApplicationEnvironmentPreparedEvent;)V+55
j  org.springframework.boot.env.EnvironmentPostProcessorApplicationListener.onApplicationEvent(Lorg/springframework/context/ApplicationEvent;)V+14
j  org.springframework.context.event.SimpleApplicationEventMulticaster.doInvokeListener(Lorg/springframework/context/ApplicationListener;Lorg/springframework/context/ApplicationEvent;)V+2
j  org.springframework.context.event.SimpleApplicationEventMulticaster.invokeListener(Lorg/springframework/context/ApplicationListener;Lorg/springframework/context/ApplicationEvent;)V+34
j  org.springframework.context.event.SimpleApplicationEventMulticaster.multicastEvent(Lorg/springframework/context/ApplicationEvent;Lorg/springframework/core/ResolvableType;)V+92
j  org.springframework.context.event.SimpleApplicationEventMulticaster.multicastEvent(Lorg/springframework/context/ApplicationEvent;)V+3
j  org.springframework.boot.context.event.EventPublishingRunListener.multicastInitialEvent(Lorg/springframework/context/ApplicationEvent;)V+9
j  org.springframework.boot.context.event.EventPublishingRunListener.environmentPrepared(Lorg/springframework/boot/ConfigurableBootstrapContext;Lorg/springframework/core/env/ConfigurableEnvironment;)V+18
j  org.springframework.boot.SpringApplicationRunListeners.lambda$environmentPrepared$2(Lorg/springframework/boot/ConfigurableBootstrapContext;Lorg/springframework/core/env/ConfigurableEnvironment;Lorg/springframework/boot/SpringApplicationRunListener;)V+3
j  org.springframework.boot.SpringApplicationRunListeners$$Lambda$173+0x0000000100218728.accept(Ljava/lang/Object;)V+12
j  java.lang.Iterable.forEach(Ljava/util/function/Consumer;)V+30 java.base@17.0.8.1
j  org.springframework.boot.SpringApplicationRunListeners.doWithListeners(Ljava/lang/String;Ljava/util/function/Consumer;Ljava/util/function/Consumer;)V+17
j  org.springframework.boot.SpringApplicationRunListeners.doWithListeners(Ljava/lang/String;Ljava/util/function/Consumer;)V+4
j  org.springframework.boot.SpringApplicationRunListeners.environmentPrepared(Lorg/springframework/boot/ConfigurableBootstrapContext;Lorg/springframework/core/env/ConfigurableEnvironment;)V+10
j  org.springframework.boot.SpringApplication.prepareEnvironment(Lorg/springframework/boot/SpringApplicationRunListeners;Lorg/springframework/boot/DefaultBootstrapContext;Lorg/springframework/boot/ApplicationArguments;)Lorg/springframework/core/env/ConfigurableEnvironment;+27
j  org.springframework.boot.SpringApplication.run([Ljava/lang/String;)Lorg/springframework/context/ConfigurableApplicationContext;+62
j  org.springframework.boot.SpringApplication.run([Ljava/lang/Class;[Ljava/lang/String;)Lorg/springframework/context/ConfigurableApplicationContext;+9
j  org.springframework.boot.SpringApplication.run(Ljava/lang/Class;[Ljava/lang/String;)Lorg/springframework/context/ConfigurableApplicationContext;+9
j  eddamghi.order_service.OrderServiceApplication.main([Ljava/lang/String;)V+3
v  ~StubRoutines::call_stub

---------------  P R O C E S S  ---------------

Threads class SMR info:
_java_thread_list=0x00000227054ba9e0, length=15, elements={
0x000002276e268f00, 0x0000022704013260, 0x00000227040140e0, 0x000002277bc2d250,
0x000002277bc2dfd0, 0x0000022704037110, 0x00000227040379e0, 0x0000022704038360,
0x0000022704038d60, 0x0000022704141250, 0x000002277bb9eca0, 0x000002270418dd80,
0x00000227048581d0, 0x00000227048586b0, 0x0000022704af4a50
}

Java Threads: ( => current thread )
=>0x000002276e268f00 JavaThread "main" [_thread_in_vm, id=19516, stack(0x00000039b2e00000,0x00000039b2f00000)]
  0x0000022704013260 JavaThread "Reference Handler" daemon [_thread_blocked, id=21608, stack(0x00000039b3500000,0x00000039b3600000)]
  0x00000227040140e0 JavaThread "Finalizer" daemon [_thread_blocked, id=19624, stack(0x00000039b3600000,0x00000039b3700000)]
  0x000002277bc2d250 JavaThread "Signal Dispatcher" daemon [_thread_blocked, id=24720, stack(0x00000039b3700000,0x00000039b3800000)]
  0x000002277bc2dfd0 JavaThread "Attach Listener" daemon [_thread_blocked, id=13188, stack(0x00000039b3800000,0x00000039b3900000)]
  0x0000022704037110 JavaThread "Service Thread" daemon [_thread_blocked, id=12772, stack(0x00000039b3900000,0x00000039b3a00000)]
  0x00000227040379e0 JavaThread "Monitor Deflation Thread" daemon [_thread_blocked, id=15288, stack(0x00000039b3a00000,0x00000039b3b00000)]
  0x0000022704038360 JavaThread "C1 CompilerThread0" daemon [_thread_blocked, id=23068, stack(0x00000039b3b00000,0x00000039b3c00000)]
  0x0000022704038d60 JavaThread "Sweeper thread" daemon [_thread_blocked, id=18288, stack(0x00000039b3c00000,0x00000039b3d00000)]
  0x0000022704141250 JavaThread "Common-Cleaner" daemon [_thread_blocked, id=18076, stack(0x00000039b3d00000,0x00000039b3e00000)]
  0x000002277bb9eca0 JavaThread "C1 CompilerThread1" daemon [_thread_blocked, id=20364, stack(0x00000039b3e00000,0x00000039b3f00000)]
  0x000002270418dd80 JavaThread "C1 CompilerThread2" daemon [_thread_blocked, id=14932, stack(0x00000039b3f00000,0x00000039b4000000)]
  0x00000227048581d0 JavaThread "Monitor Ctrl-Break" daemon [_thread_in_native, id=7000, stack(0x00000039b4000000,0x00000039b4100000)]
  0x00000227048586b0 JavaThread "Notification Thread" daemon [_thread_blocked, id=15696, stack(0x00000039b4100000,0x00000039b4200000)]
  0x0000022704af4a50 JavaThread "RMI TCP Accept-0" daemon [_thread_in_native, id=21552, stack(0x00000039b4600000,0x00000039b4700000)]

Other Threads:
  0x000002277bc13d30 VMThread "VM Thread" [stack: 0x00000039b3400000,0x00000039b3500000] [id=2092]
  0x000002276e269d80 WatcherThread [stack: 0x00000039b4700000,0x00000039b4800000] [id=19016]
  0x000002276e2c11e0 GCTaskThread "GC Thread#0" [stack: 0x00000039b2f00000,0x00000039b3000000] [id=26220]
  0x0000022704a44460 GCTaskThread "GC Thread#1" [stack: 0x00000039b4300000,0x00000039b4400000] [id=7248]
  0x0000022704a44720 GCTaskThread "GC Thread#2" [stack: 0x00000039b4400000,0x00000039b4500000] [id=17084]
  0x0000022704a7b7c0 GCTaskThread "GC Thread#3" [stack: 0x00000039b4200000,0x00000039b4300000] [id=12696]
  0x000002276e2d1d70 ConcurrentGCThread "G1 Main Marker" [stack: 0x00000039b3000000,0x00000039b3100000] [id=11948]
  0x000002276e2d3790 ConcurrentGCThread "G1 Conc#0" [stack: 0x00000039b3100000,0x00000039b3200000] [id=4684]
  0x000002276e30ec80 ConcurrentGCThread "G1 Refine#0" [stack: 0x00000039b3200000,0x00000039b3300000] [id=17196]
  0x0000022704a5dfa0 ConcurrentGCThread "G1 Refine#1" [stack: 0x00000039b4500000,0x00000039b4600000] [id=21768]
  0x000002277ba6cc50 ConcurrentGCThread "G1 Service" [stack: 0x00000039b3300000,0x00000039b3400000] [id=22684]

Threads with active compile tasks:

VM state: not at safepoint (normal execution)

VM Mutex/Monitor currently owned by a thread:  ([mutex/lock_event])
[0x000002276e24b8c0] Metaspace_lock - owner thread: 0x000002276e268f00

Heap address: 0x0000000081e00000, size: 2018 MB, Compressed Oops mode: 32-bit

CDS archive(s) not mapped
Compressed class space mapped at: 0x0000000100000000-0x0000000140000000, reserved size: 1073741824
Narrow klass base: 0x0000000000000000, Narrow klass shift: 3, Narrow klass range: 0x140000000

GC Precious Log:
 CPUs: 4 total, 4 available
 Memory: 8067M
 Large Page Support: Disabled
 NUMA Support: Disabled
 Compressed Oops: Enabled (32-bit)
 Heap Region Size: 1M
 Heap Min Capacity: 8M
 Heap Initial Capacity: 128M
 Heap Max Capacity: 2018M
 Pre-touch: Disabled
 Parallel Workers: 4
 Concurrent Workers: 1
 Concurrent Refinement Workers: 4
 Periodic GC: Disabled

Heap:
 garbage-first heap   total 131072K, used 26292K [0x0000000081e00000, 0x0000000100000000)
  region size 1024K, 18 young (18432K), 1 survivors (1024K)
 Metaspace       used 19392K, committed 19648K, reserved 1114112K
  class space    used 2221K, committed 2368K, reserved 1048576K

Heap Regions: E=young(eden), S=young(survivor), O=old, HS=humongous(starts), HC=humongous(continues), CS=collection set, F=free, OA=open archive, CA=closed archive, TAMS=top-at-mark-start (previous, next)
|   0|0x0000000081e00000, 0x0000000081f00000, 0x0000000081f00000|100%|HS|  |TAMS 0x0000000081e00000, 0x0000000081e00000| Complete 
|   1|0x0000000081f00000, 0x0000000082000000, 0x0000000082000000|100%|HS|  |TAMS 0x0000000081f00000, 0x0000000081f00000| Complete 
|   2|0x0000000082000000, 0x0000000082100000, 0x0000000082100000|100%| O|  |TAMS 0x0000000082000000, 0x0000000082000000| Untracked 
|   3|0x0000000082100000, 0x0000000082200000, 0x0000000082200000|100%| O|  |TAMS 0x0000000082100000, 0x0000000082100000| Untracked 
|   4|0x0000000082200000, 0x0000000082300000, 0x0000000082300000|100%| O|  |TAMS 0x0000000082200000, 0x0000000082200000| Untracked 
|   5|0x0000000082300000, 0x0000000082400000, 0x0000000082400000|100%| O|  |TAMS 0x0000000082300000, 0x0000000082300000| Untracked 
|   6|0x0000000082400000, 0x0000000082500000, 0x0000000082500000|100%| O|  |TAMS 0x0000000082400000, 0x0000000082400000| Untracked 
|   7|0x0000000082500000, 0x0000000082600000, 0x0000000082600000|100%| O|  |TAMS 0x0000000082500000, 0x0000000082500000| Untracked 
|   8|0x0000000082600000, 0x00000000826f7800, 0x0000000082700000| 96%| O|  |TAMS 0x0000000082600000, 0x0000000082600000| Untracked 
|   9|0x0000000082700000, 0x0000000082700000, 0x0000000082800000|  0%| F|  |TAMS 0x0000000082700000, 0x0000000082700000| Untracked 
|  10|0x0000000082800000, 0x0000000082800000, 0x0000000082900000|  0%| F|  |TAMS 0x0000000082800000, 0x0000000082800000| Untracked 
|  11|0x0000000082900000, 0x0000000082900000, 0x0000000082a00000|  0%| F|  |TAMS 0x0000000082900000, 0x0000000082900000| Untracked 
|  12|0x0000000082a00000, 0x0000000082a00000, 0x0000000082b00000|  0%| F|  |TAMS 0x0000000082a00000, 0x0000000082a00000| Untracked 
|  13|0x0000000082b00000, 0x0000000082b00000, 0x0000000082c00000|  0%| F|  |TAMS 0x0000000082b00000, 0x0000000082b00000| Untracked 
|  14|0x0000000082c00000, 0x0000000082c00000, 0x0000000082d00000|  0%| F|  |TAMS 0x0000000082c00000, 0x0000000082c00000| Untracked 
|  15|0x0000000082d00000, 0x0000000082d00000, 0x0000000082e00000|  0%| F|  |TAMS 0x0000000082d00000, 0x0000000082d00000| Untracked 
|  16|0x0000000082e00000, 0x0000000082e00000, 0x0000000082f00000|  0%| F|  |TAMS 0x0000000082e00000, 0x0000000082e00000| Untracked 
|  17|0x0000000082f00000, 0x0000000082f00000, 0x0000000083000000|  0%| F|  |TAMS 0x0000000082f00000, 0x0000000082f00000| Untracked 
|  18|0x0000000083000000, 0x0000000083000000, 0x0000000083100000|  0%| F|  |TAMS 0x0000000083000000, 0x0000000083000000| Untracked 
|  19|0x0000000083100000, 0x0000000083100000, 0x0000000083200000|  0%| F|  |TAMS 0x0000000083100000, 0x0000000083100000| Untracked 
|  20|0x0000000083200000, 0x0000000083200000, 0x0000000083300000|  0%| F|  |TAMS 0x0000000083200000, 0x0000000083200000| Untracked 
|  21|0x0000000083300000, 0x0000000083300000, 0x0000000083400000|  0%| F|  |TAMS 0x0000000083300000, 0x0000000083300000| Untracked 
|  22|0x0000000083400000, 0x0000000083400000, 0x0000000083500000|  0%| F|  |TAMS 0x0000000083400000, 0x0000000083400000| Untracked 
|  23|0x0000000083500000, 0x0000000083500000, 0x0000000083600000|  0%| F|  |TAMS 0x0000000083500000, 0x0000000083500000| Untracked 
|  24|0x0000000083600000, 0x0000000083600000, 0x0000000083700000|  0%| F|  |TAMS 0x0000000083600000, 0x0000000083600000| Untracked 
|  25|0x0000000083700000, 0x0000000083700000, 0x0000000083800000|  0%| F|  |TAMS 0x0000000083700000, 0x0000000083700000| Untracked 
|  26|0x0000000083800000, 0x0000000083800000, 0x0000000083900000|  0%| F|  |TAMS 0x0000000083800000, 0x0000000083800000| Untracked 
|  27|0x0000000083900000, 0x0000000083900000, 0x0000000083a00000|  0%| F|  |TAMS 0x0000000083900000, 0x0000000083900000| Untracked 
|  28|0x0000000083a00000, 0x0000000083a00000, 0x0000000083b00000|  0%| F|  |TAMS 0x0000000083a00000, 0x0000000083a00000| Untracked 
|  29|0x0000000083b00000, 0x0000000083b00000, 0x0000000083c00000|  0%| F|  |TAMS 0x0000000083b00000, 0x0000000083b00000| Untracked 
|  30|0x0000000083c00000, 0x0000000083c00000, 0x0000000083d00000|  0%| F|  |TAMS 0x0000000083c00000, 0x0000000083c00000| Untracked 
|  31|0x0000000083d00000, 0x0000000083d00000, 0x0000000083e00000|  0%| F|  |TAMS 0x0000000083d00000, 0x0000000083d00000| Untracked 
|  32|0x0000000083e00000, 0x0000000083e00000, 0x0000000083f00000|  0%| F|  |TAMS 0x0000000083e00000, 0x0000000083e00000| Untracked 
|  33|0x0000000083f00000, 0x0000000083f00000, 0x0000000084000000|  0%| F|  |TAMS 0x0000000083f00000, 0x0000000083f00000| Untracked 
|  34|0x0000000084000000, 0x0000000084000000, 0x0000000084100000|  0%| F|  |TAMS 0x0000000084000000, 0x0000000084000000| Untracked 
|  35|0x0000000084100000, 0x0000000084100000, 0x0000000084200000|  0%| F|  |TAMS 0x0000000084100000, 0x0000000084100000| Untracked 
|  36|0x0000000084200000, 0x0000000084200000, 0x0000000084300000|  0%| F|  |TAMS 0x0000000084200000, 0x0000000084200000| Untracked 
|  37|0x0000000084300000, 0x0000000084300000, 0x0000000084400000|  0%| F|  |TAMS 0x0000000084300000, 0x0000000084300000| Untracked 
|  38|0x0000000084400000, 0x0000000084400000, 0x0000000084500000|  0%| F|  |TAMS 0x0000000084400000, 0x0000000084400000| Untracked 
|  39|0x0000000084500000, 0x0000000084500000, 0x0000000084600000|  0%| F|  |TAMS 0x0000000084500000, 0x0000000084500000| Untracked 
|  40|0x0000000084600000, 0x0000000084600000, 0x0000000084700000|  0%| F|  |TAMS 0x0000000084600000, 0x0000000084600000| Untracked 
|  41|0x0000000084700000, 0x0000000084700000, 0x0000000084800000|  0%| F|  |TAMS 0x0000000084700000, 0x0000000084700000| Untracked 
|  42|0x0000000084800000, 0x0000000084800000, 0x0000000084900000|  0%| F|  |TAMS 0x0000000084800000, 0x0000000084800000| Untracked 
|  43|0x0000000084900000, 0x0000000084900000, 0x0000000084a00000|  0%| F|  |TAMS 0x0000000084900000, 0x0000000084900000| Untracked 
|  44|0x0000000084a00000, 0x0000000084a00000, 0x0000000084b00000|  0%| F|  |TAMS 0x0000000084a00000, 0x0000000084a00000| Untracked 
|  45|0x0000000084b00000, 0x0000000084b00000, 0x0000000084c00000|  0%| F|  |TAMS 0x0000000084b00000, 0x0000000084b00000| Untracked 
|  46|0x0000000084c00000, 0x0000000084c00000, 0x0000000084d00000|  0%| F|  |TAMS 0x0000000084c00000, 0x0000000084c00000| Untracked 
|  47|0x0000000084d00000, 0x0000000084d00000, 0x0000000084e00000|  0%| F|  |TAMS 0x0000000084d00000, 0x0000000084d00000| Untracked 
|  48|0x0000000084e00000, 0x0000000084e00000, 0x0000000084f00000|  0%| F|  |TAMS 0x0000000084e00000, 0x0000000084e00000| Untracked 
|  49|0x0000000084f00000, 0x0000000084f00000, 0x0000000085000000|  0%| F|  |TAMS 0x0000000084f00000, 0x0000000084f00000| Untracked 
|  50|0x0000000085000000, 0x0000000085000000, 0x0000000085100000|  0%| F|  |TAMS 0x0000000085000000, 0x0000000085000000| Untracked 
|  51|0x0000000085100000, 0x0000000085100000, 0x0000000085200000|  0%| F|  |TAMS 0x0000000085100000, 0x0000000085100000| Untracked 
|  52|0x0000000085200000, 0x0000000085200000, 0x0000000085300000|  0%| F|  |TAMS 0x0000000085200000, 0x0000000085200000| Untracked 
|  53|0x0000000085300000, 0x0000000085300000, 0x0000000085400000|  0%| F|  |TAMS 0x0000000085300000, 0x0000000085300000| Untracked 
|  54|0x0000000085400000, 0x0000000085400000, 0x0000000085500000|  0%| F|  |TAMS 0x0000000085400000, 0x0000000085400000| Untracked 
|  55|0x0000000085500000, 0x0000000085500000, 0x0000000085600000|  0%| F|  |TAMS 0x0000000085500000, 0x0000000085500000| Untracked 
|  56|0x0000000085600000, 0x0000000085600000, 0x0000000085700000|  0%| F|  |TAMS 0x0000000085600000, 0x0000000085600000| Untracked 
|  57|0x0000000085700000, 0x0000000085700000, 0x0000000085800000|  0%| F|  |TAMS 0x0000000085700000, 0x0000000085700000| Untracked 
|  58|0x0000000085800000, 0x0000000085800000, 0x0000000085900000|  0%| F|  |TAMS 0x0000000085800000, 0x0000000085800000| Untracked 
|  59|0x0000000085900000, 0x0000000085900000, 0x0000000085a00000|  0%| F|  |TAMS 0x0000000085900000, 0x0000000085900000| Untracked 
|  60|0x0000000085a00000, 0x0000000085a00000, 0x0000000085b00000|  0%| F|  |TAMS 0x0000000085a00000, 0x0000000085a00000| Untracked 
|  61|0x0000000085b00000, 0x0000000085b00000, 0x0000000085c00000|  0%| F|  |TAMS 0x0000000085b00000, 0x0000000085b00000| Untracked 
|  62|0x0000000085c00000, 0x0000000085c00000, 0x0000000085d00000|  0%| F|  |TAMS 0x0000000085c00000, 0x0000000085c00000| Untracked 
|  63|0x0000000085d00000, 0x0000000085d00000, 0x0000000085e00000|  0%| F|  |TAMS 0x0000000085d00000, 0x0000000085d00000| Untracked 
|  64|0x0000000085e00000, 0x0000000085e00000, 0x0000000085f00000|  0%| F|  |TAMS 0x0000000085e00000, 0x0000000085e00000| Untracked 
|  65|0x0000000085f00000, 0x0000000085f00000, 0x0000000086000000|  0%| F|  |TAMS 0x0000000085f00000, 0x0000000085f00000| Untracked 
|  66|0x0000000086000000, 0x0000000086000000, 0x0000000086100000|  0%| F|  |TAMS 0x0000000086000000, 0x0000000086000000| Untracked 
|  67|0x0000000086100000, 0x0000000086100000, 0x0000000086200000|  0%| F|  |TAMS 0x0000000086100000, 0x0000000086100000| Untracked 
|  68|0x0000000086200000, 0x0000000086200000, 0x0000000086300000|  0%| F|  |TAMS 0x0000000086200000, 0x0000000086200000| Untracked 
|  69|0x0000000086300000, 0x0000000086300000, 0x0000000086400000|  0%| F|  |TAMS 0x0000000086300000, 0x0000000086300000| Untracked 
|  70|0x0000000086400000, 0x0000000086400000, 0x0000000086500000|  0%| F|  |TAMS 0x0000000086400000, 0x0000000086400000| Untracked 
|  71|0x0000000086500000, 0x0000000086500000, 0x0000000086600000|  0%| F|  |TAMS 0x0000000086500000, 0x0000000086500000| Untracked 
|  72|0x0000000086600000, 0x0000000086600000, 0x0000000086700000|  0%| F|  |TAMS 0x0000000086600000, 0x0000000086600000| Untracked 
|  73|0x0000000086700000, 0x0000000086700000, 0x0000000086800000|  0%| F|  |TAMS 0x0000000086700000, 0x0000000086700000| Untracked 
|  74|0x0000000086800000, 0x0000000086800000, 0x0000000086900000|  0%| F|  |TAMS 0x0000000086800000, 0x0000000086800000| Untracked 
|  75|0x0000000086900000, 0x0000000086900000, 0x0000000086a00000|  0%| F|  |TAMS 0x0000000086900000, 0x0000000086900000| Untracked 
|  76|0x0000000086a00000, 0x0000000086a00000, 0x0000000086b00000|  0%| F|  |TAMS 0x0000000086a00000, 0x0000000086a00000| Untracked 
|  77|0x0000000086b00000, 0x0000000086b00000, 0x0000000086c00000|  0%| F|  |TAMS 0x0000000086b00000, 0x0000000086b00000| Untracked 
|  78|0x0000000086c00000, 0x0000000086c00000, 0x0000000086d00000|  0%| F|  |TAMS 0x0000000086c00000, 0x0000000086c00000| Untracked 
|  79|0x0000000086d00000, 0x0000000086d00000, 0x0000000086e00000|  0%| F|  |TAMS 0x0000000086d00000, 0x0000000086d00000| Untracked 
|  80|0x0000000086e00000, 0x0000000086e00000, 0x0000000086f00000|  0%| F|  |TAMS 0x0000000086e00000, 0x0000000086e00000| Untracked 
|  81|0x0000000086f00000, 0x0000000086f00000, 0x0000000087000000|  0%| F|  |TAMS 0x0000000086f00000, 0x0000000086f00000| Untracked 
|  82|0x0000000087000000, 0x0000000087000000, 0x0000000087100000|  0%| F|  |TAMS 0x0000000087000000, 0x0000000087000000| Untracked 
|  83|0x0000000087100000, 0x0000000087100000, 0x0000000087200000|  0%| F|  |TAMS 0x0000000087100000, 0x0000000087100000| Untracked 
|  84|0x0000000087200000, 0x0000000087200000, 0x0000000087300000|  0%| F|  |TAMS 0x0000000087200000, 0x0000000087200000| Untracked 
|  85|0x0000000087300000, 0x0000000087300000, 0x0000000087400000|  0%| F|  |TAMS 0x0000000087300000, 0x0000000087300000| Untracked 
|  86|0x0000000087400000, 0x0000000087400000, 0x0000000087500000|  0%| F|  |TAMS 0x0000000087400000, 0x0000000087400000| Untracked 
|  87|0x0000000087500000, 0x0000000087500000, 0x0000000087600000|  0%| F|  |TAMS 0x0000000087500000, 0x0000000087500000| Untracked 
|  88|0x0000000087600000, 0x0000000087600000, 0x0000000087700000|  0%| F|  |TAMS 0x0000000087600000, 0x0000000087600000| Untracked 
|  89|0x0000000087700000, 0x0000000087700000, 0x0000000087800000|  0%| F|  |TAMS 0x0000000087700000, 0x0000000087700000| Untracked 
|  90|0x0000000087800000, 0x0000000087800000, 0x0000000087900000|  0%| F|  |TAMS 0x0000000087800000, 0x0000000087800000| Untracked 
|  91|0x0000000087900000, 0x0000000087900000, 0x0000000087a00000|  0%| F|  |TAMS 0x0000000087900000, 0x0000000087900000| Untracked 
|  92|0x0000000087a00000, 0x0000000087a00000, 0x0000000087b00000|  0%| F|  |TAMS 0x0000000087a00000, 0x0000000087a00000| Untracked 
|  93|0x0000000087b00000, 0x0000000087b00000, 0x0000000087c00000|  0%| F|  |TAMS 0x0000000087b00000, 0x0000000087b00000| Untracked 
|  94|0x0000000087c00000, 0x0000000087c00000, 0x0000000087d00000|  0%| F|  |TAMS 0x0000000087c00000, 0x0000000087c00000| Untracked 
|  95|0x0000000087d00000, 0x0000000087d00000, 0x0000000087e00000|  0%| F|  |TAMS 0x0000000087d00000, 0x0000000087d00000| Untracked 
|  96|0x0000000087e00000, 0x0000000087e00000, 0x0000000087f00000|  0%| F|  |TAMS 0x0000000087e00000, 0x0000000087e00000| Untracked 
|  97|0x0000000087f00000, 0x0000000087f00000, 0x0000000088000000|  0%| F|  |TAMS 0x0000000087f00000, 0x0000000087f00000| Untracked 
|  98|0x0000000088000000, 0x0000000088000000, 0x0000000088100000|  0%| F|  |TAMS 0x0000000088000000, 0x0000000088000000| Untracked 
|  99|0x0000000088100000, 0x0000000088100000, 0x0000000088200000|  0%| F|  |TAMS 0x0000000088100000, 0x0000000088100000| Untracked 
| 100|0x0000000088200000, 0x0000000088200000, 0x0000000088300000|  0%| F|  |TAMS 0x0000000088200000, 0x0000000088200000| Untracked 
| 101|0x0000000088300000, 0x0000000088300000, 0x0000000088400000|  0%| F|  |TAMS 0x0000000088300000, 0x0000000088300000| Untracked 
| 102|0x0000000088400000, 0x0000000088400000, 0x0000000088500000|  0%| F|  |TAMS 0x0000000088400000, 0x0000000088400000| Untracked 
| 103|0x0000000088500000, 0x0000000088500000, 0x0000000088600000|  0%| F|  |TAMS 0x0000000088500000, 0x0000000088500000| Untracked 
| 104|0x0000000088600000, 0x0000000088600000, 0x0000000088700000|  0%| F|  |TAMS 0x0000000088600000, 0x0000000088600000| Untracked 
| 105|0x0000000088700000, 0x0000000088700000, 0x0000000088800000|  0%| F|  |TAMS 0x0000000088700000, 0x0000000088700000| Untracked 
| 106|0x0000000088800000, 0x0000000088800000, 0x0000000088900000|  0%| F|  |TAMS 0x0000000088800000, 0x0000000088800000| Untracked 
| 107|0x0000000088900000, 0x0000000088900000, 0x0000000088a00000|  0%| F|  |TAMS 0x0000000088900000, 0x0000000088900000| Untracked 
| 108|0x0000000088a00000, 0x0000000088a00000, 0x0000000088b00000|  0%| F|  |TAMS 0x0000000088a00000, 0x0000000088a00000| Untracked 
| 109|0x0000000088b00000, 0x0000000088b00000, 0x0000000088c00000|  0%| F|  |TAMS 0x0000000088b00000, 0x0000000088b00000| Untracked 
| 110|0x0000000088c00000, 0x0000000088cc0bb0, 0x0000000088d00000| 75%| E|  |TAMS 0x0000000088c00000, 0x0000000088c00000| Complete 
| 111|0x0000000088d00000, 0x0000000088e00000, 0x0000000088e00000|100%| E|CS|TAMS 0x0000000088d00000, 0x0000000088d00000| Complete 
| 112|0x0000000088e00000, 0x0000000088f00000, 0x0000000088f00000|100%| E|CS|TAMS 0x0000000088e00000, 0x0000000088e00000| Complete 
| 113|0x0000000088f00000, 0x0000000089000000, 0x0000000089000000|100%| E|CS|TAMS 0x0000000088f00000, 0x0000000088f00000| Complete 
| 114|0x0000000089000000, 0x0000000089100000, 0x0000000089100000|100%| E|CS|TAMS 0x0000000089000000, 0x0000000089000000| Complete 
| 115|0x0000000089100000, 0x0000000089200000, 0x0000000089200000|100%| E|CS|TAMS 0x0000000089100000, 0x0000000089100000| Complete 
| 116|0x0000000089200000, 0x0000000089300000, 0x0000000089300000|100%| E|CS|TAMS 0x0000000089200000, 0x0000000089200000| Complete 
| 117|0x0000000089300000, 0x0000000089400000, 0x0000000089400000|100%| E|CS|TAMS 0x0000000089300000, 0x0000000089300000| Complete 
| 118|0x0000000089400000, 0x0000000089500000, 0x0000000089500000|100%| E|CS|TAMS 0x0000000089400000, 0x0000000089400000| Complete 
| 119|0x0000000089500000, 0x0000000089600000, 0x0000000089600000|100%| E|CS|TAMS 0x0000000089500000, 0x0000000089500000| Complete 
| 120|0x0000000089600000, 0x0000000089700000, 0x0000000089700000|100%| E|CS|TAMS 0x0000000089600000, 0x0000000089600000| Complete 
| 121|0x0000000089700000, 0x00000000897b5830, 0x0000000089800000| 70%| S|CS|TAMS 0x0000000089700000, 0x0000000089700000| Complete 
| 122|0x0000000089800000, 0x0000000089900000, 0x0000000089900000|100%| E|CS|TAMS 0x0000000089800000, 0x0000000089800000| Complete 
| 123|0x0000000089900000, 0x0000000089a00000, 0x0000000089a00000|100%| E|CS|TAMS 0x0000000089900000, 0x0000000089900000| Complete 
| 124|0x0000000089a00000, 0x0000000089b00000, 0x0000000089b00000|100%| E|CS|TAMS 0x0000000089a00000, 0x0000000089a00000| Complete 
| 125|0x0000000089b00000, 0x0000000089c00000, 0x0000000089c00000|100%| E|CS|TAMS 0x0000000089b00000, 0x0000000089b00000| Complete 
| 126|0x0000000089c00000, 0x0000000089d00000, 0x0000000089d00000|100%| E|CS|TAMS 0x0000000089c00000, 0x0000000089c00000| Complete 
| 127|0x0000000089d00000, 0x0000000089e00000, 0x0000000089e00000|100%| E|CS|TAMS 0x0000000089d00000, 0x0000000089d00000| Complete 

Card table byte_map: [0x0000022775200000,0x0000022775600000] _byte_map_base: 0x0000022774df1000

Marking Bits (Prev, Next): (CMBitMap*) 0x000002276e2c1800, (CMBitMap*) 0x000002276e2c1840
 Prev Bits: [0x0000022775a00000, 0x0000022777988000)
 Next Bits: [0x0000022777990000, 0x0000022779918000)

Polling page: 0x000002276c190000

Metaspace:

Usage:
  Non-class:     16.77 MB used.
      Class:      2.17 MB used.
       Both:     18.94 MB used.

Virtual space:
  Non-class space:       64.00 MB reserved,      16.88 MB ( 26%) committed,  1 nodes.
      Class space:        1.00 GB reserved,       2.31 MB ( <1%) committed,  1 nodes.
             Both:        1.06 GB reserved,      19.19 MB (  2%) committed. 

Chunk freelists:
   Non-Class:  15.05 MB
       Class:  13.67 MB
        Both:  28.72 MB

MaxMetaspaceSize: unlimited
CompressedClassSpaceSize: 1.00 GB
Initial GC threshold: 21.00 MB
Current GC threshold: 21.00 MB
CDS: off
MetaspaceReclaimPolicy: balanced
 - commit_granule_bytes: 65536.
 - commit_granule_words: 8192.
 - virtual_space_node_default_size: 8388608.
 - enlarge_chunks_in_place: 1.
 - new_chunks_are_fully_committed: 0.
 - uncommit_free_chunks: 1.
 - use_allocation_guard: 0.
 - handle_deallocations: 1.


Internal statistics:

num_allocs_failed_limit: 0.
num_arena_births: 204.
num_arena_deaths: 0.
num_vsnodes_births: 2.
num_vsnodes_deaths: 0.
num_space_committed: 307.
num_space_uncommitted: 0.
num_chunks_returned_to_freelist: 0.
num_chunks_taken_from_freelist: 488.
num_chunk_merges: 0.
num_chunk_splits: 289.
num_chunks_enlarged: 193.
num_inconsistent_stats: 0.

CodeCache: size=49152Kb used=4659Kb max_used=4659Kb free=44493Kb
 bounds [0x0000022771e00000, 0x0000022772290000, 0x0000022774e00000]
 total_blobs=2119 nmethods=1662 adapters=383
 compilation: enabled
              stopped_count=0, restarted_count=0
 full_count=0

Compilation events (20 events):
Event: 4.327 Thread 0x000002277bb9eca0 1653       1       java.util.ArrayDeque::sub (14 bytes)
Event: 4.327 Thread 0x000002277bb9eca0 nmethod 1653 0x0000022772289e90 code [0x000002277228a020, 0x000002277228a0d8]
Event: 4.328 Thread 0x000002277bb9eca0 1654       1       java.lang.invoke.LambdaForm$MH/0x00000001000c0c00::invoke (25 bytes)
Event: 4.328 Thread 0x000002277bb9eca0 nmethod 1654 0x000002277228a190 code [0x000002277228a340, 0x000002277228a498]
Event: 4.331 Thread 0x0000022704038360 1655       1       jdk.internal.loader.BuiltinClassLoader::hasClassPath (13 bytes)
Event: 4.332 Thread 0x0000022704038360 nmethod 1655 0x000002277228a590 code [0x000002277228a720, 0x000002277228a7f8]
Event: 4.332 Thread 0x000002277bb9eca0 1656       1       java.lang.invoke.MethodType::dropParameterTypes (162 bytes)
Event: 4.334 Thread 0x000002277bb9eca0 nmethod 1656 0x000002277228a890 code [0x000002277228aae0, 0x000002277228b188]
Event: 4.356 Thread 0x000002277bb9eca0 1657       1       jdk.internal.org.objectweb.asm.FieldWriter::visitEnd (1 bytes)
Event: 4.356 Thread 0x000002277bb9eca0 nmethod 1657 0x000002277228b510 code [0x000002277228b6a0, 0x000002277228b758]
Event: 4.357 Thread 0x000002277bb9eca0 1658       1       java.util.jar.JarFile$JarFileEntry::getRealName (5 bytes)
Event: 4.357 Thread 0x000002277bb9eca0 nmethod 1658 0x000002277228b810 code [0x000002277228b9a0, 0x000002277228ba78]
Event: 4.368 Thread 0x000002277bb9eca0 1659       1       java.util.regex.Pattern::isSupplementary (21 bytes)
Event: 4.368 Thread 0x0000022704038360 1660       1       java.lang.Character::isSurrogate (18 bytes)
Event: 4.368 Thread 0x000002277bb9eca0 nmethod 1659 0x000002277228bb10 code [0x000002277228bca0, 0x000002277228bd98]
Event: 4.368 Thread 0x0000022704038360 nmethod 1660 0x000002277228be10 code [0x000002277228bfa0, 0x000002277228c078]
Event: 4.369 Thread 0x000002277bb9eca0 1661       1       java.util.regex.Pattern::peek (26 bytes)
Event: 4.370 Thread 0x000002277bb9eca0 nmethod 1661 0x000002277228c110 code [0x000002277228c2a0, 0x000002277228c3e8]
Event: 4.371 Thread 0x0000022704038360 1662       1       java.util.regex.Pattern::next (33 bytes)
Event: 4.371 Thread 0x0000022704038360 nmethod 1662 0x000002277228c510 code [0x000002277228c6a0, 0x000002277228c7e8]

GC Heap History (4 events):
Event: 1.859 GC heap before
{Heap before GC invocations=0 (full 0):
 garbage-first heap   total 131072K, used 15360K [0x0000000081e00000, 0x0000000100000000)
  region size 1024K, 13 young (13312K), 0 survivors (0K)
 Metaspace       used 11893K, committed 12096K, reserved 1114112K
  class space    used 1182K, committed 1280K, reserved 1048576K
}
Event: 1.869 GC heap after
{Heap after GC invocations=1 (full 0):
 garbage-first heap   total 131072K, used 9102K [0x0000000081e00000, 0x0000000100000000)
  region size 1024K, 2 young (2048K), 2 survivors (2048K)
 Metaspace       used 11893K, committed 12096K, reserved 1114112K
  class space    used 1182K, committed 1280K, reserved 1048576K
}
Event: 2.702 GC heap before
{Heap before GC invocations=1 (full 0):
 garbage-first heap   total 131072K, used 15246K [0x0000000081e00000, 0x0000000100000000)
  region size 1024K, 8 young (8192K), 2 survivors (2048K)
 Metaspace       used 15280K, committed 15488K, reserved 1114112K
  class space    used 1604K, committed 1728K, reserved 1048576K
}
Event: 2.709 GC heap after
{Heap after GC invocations=2 (full 0):
 garbage-first heap   total 131072K, used 9908K [0x0000000081e00000, 0x0000000100000000)
  region size 1024K, 1 young (1024K), 1 survivors (1024K)
 Metaspace       used 15280K, committed 15488K, reserved 1114112K
  class space    used 1604K, committed 1728K, reserved 1048576K
}

Dll operation events (3 events):
Event: 0.023 Loaded shared library C:\Users\zineb\.jdks\jbrsdk_jcef-17.0.8.1\bin\java.dll
Event: 0.116 Loaded shared library C:\Users\zineb\.jdks\jbrsdk_jcef-17.0.8.1\bin\jsvml.dll
Event: 0.834 Loaded shared library C:\Users\zineb\.jdks\jbrsdk_jcef-17.0.8.1\bin\zip.dll

Deoptimization events (0 events):
No events

Classes unloaded (0 events):
No events

Classes redefined (0 events):
No events

Internal exceptions (20 events):
Event: 2.751 Thread 0x000002276e268f00 Exception <a 'java/lang/NoSuchMethodError'{0x0000000089dbc6f8}: 'int java.lang.invoke.DirectMethodHandle$Holder.invokeStaticInit(java.lang.Object, java.lang.Object)'> (0x0000000089dbc6f8) 
thrown [s\src\hotspot\share\interpreter\linkResolver.cpp, line 771]
Event: 2.831 Thread 0x000002276e268f00 Exception <a 'java/lang/NoSuchMethodError'{0x0000000089cfe510}: 'void java.lang.invoke.DirectMethodHandle$Holder.invokeInterface(java.lang.Object, java.lang.Object, java.lang.Object, java.lang.Object)'> (0x0000000089cfe510) 
thrown [s\src\hotspot\share\interpreter\linkResolver.cpp, line 771]
Event: 2.949 Thread 0x000002276e268f00 Exception <a 'java/lang/NoSuchMethodError'{0x0000000089a5f750}: 'java.lang.Object java.lang.invoke.DirectMethodHandle$Holder.invokeInterface(java.lang.Object, java.lang.Object)'> (0x0000000089a5f750) 
thrown [s\src\hotspot\share\interpreter\linkResolver.cpp, line 771]
Event: 2.983 Thread 0x000002276e268f00 Exception <a 'java/lang/NoSuchMethodError'{0x0000000089af3d58}: 'java.lang.Object java.lang.invoke.DirectMethodHandle$Holder.invokeSpecialIFC(java.lang.Object, java.lang.Object, java.lang.Object, java.lang.Object)'> (0x0000000089af3d58) 
thrown [s\src\hotspot\share\interpreter\linkResolver.cpp, line 771]
Event: 2.991 Thread 0x000002276e268f00 Exception <a 'java/lang/NoSuchMethodError'{0x0000000089912548}: 'java.lang.Object java.lang.invoke.DirectMethodHandle$Holder.invokeInterface(java.lang.Object, java.lang.Object, java.lang.Object)'> (0x0000000089912548) 
thrown [s\src\hotspot\share\interpreter\linkResolver.cpp, line 771]
Event: 3.039 Thread 0x000002276e268f00 Exception <a 'java/lang/NoSuchMethodError'{0x00000000899d0ad8}: 'int java.lang.invoke.DirectMethodHandle$Holder.invokeStaticInit(java.lang.Object, java.lang.Object, java.lang.Object)'> (0x00000000899d0ad8) 
thrown [s\src\hotspot\share\interpreter\linkResolver.cpp, line 771]
Event: 3.059 Thread 0x000002276e268f00 Exception <a 'java/lang/NoSuchMethodError'{0x0000000089837ad8}: 'java.lang.Object java.lang.invoke.DirectMethodHandle$Holder.newInvokeSpecial(java.lang.Object, java.lang.Object, java.lang.Object, java.lang.Object, java.lang.Object)'> (0x0000000089837ad8) 
thrown [s\src\hotspot\share\interpreter\linkResolver.cpp, line 771]
Event: 3.071 Thread 0x000002276e268f00 Exception <a 'java/lang/NoSuchMethodError'{0x0000000089889938}: 'java.lang.Object java.lang.invoke.DirectMethodHandle$Holder.invokeStaticInit(java.lang.Object, java.lang.Object, java.lang.Object)'> (0x0000000089889938) 
thrown [s\src\hotspot\share\interpreter\linkResolver.cpp, line 771]
Event: 3.092 Thread 0x000002276e268f00 Exception <a 'java/lang/IncompatibleClassChangeError'{0x00000000898fad38}: Found class java.lang.Object, but interface was expected> (0x00000000898fad38) 
thrown [s\src\hotspot\share\interpreter\linkResolver.cpp, line 838]
Event: 3.121 Thread 0x000002276e268f00 Exception <a 'sun/nio/fs/WindowsException'{0x0000000089677610}> (0x0000000089677610) 
thrown [s\src\hotspot\share\prims\jni.cpp, line 517]
Event: 3.392 Thread 0x000002276e268f00 Exception <a 'java/lang/NoSuchMethodError'{0x0000000089255290}: 'int java.lang.invoke.DirectMethodHandle$Holder.invokeStatic(java.lang.Object, java.lang.Object, java.lang.Object, java.lang.Object)'> (0x0000000089255290) 
thrown [s\src\hotspot\share\interpreter\linkResolver.cpp, line 771]
Event: 3.476 Thread 0x000002276e268f00 Exception <a 'java/lang/NoSuchMethodError'{0x00000000891ca8e8}: 'java.lang.Object java.lang.invoke.DirectMethodHandle$Holder.newInvokeSpecial(java.lang.Object, java.lang.Object, java.lang.Object, java.lang.Object, java.lang.Object, java.lang.Object, java.lang.Object)'> (0x00000000891ca8e8) 
thrown [s\src\hotspot\share\interpreter\linkResolver.cpp, line 771]
Event: 3.477 Thread 0x000002276e268f00 Exception <a 'java/lang/NoSuchMethodError'{0x00000000891cf1f8}: 'java.lang.Object java.lang.invoke.Invokers$Holder.linkToTargetMethod(java.lang.Object, java.lang.Object, java.lang.Object, java.lang.Object, java.lang.Object, java.lang.Object, java.lang.Object)'> (0x00000000891cf1f8) 
thrown [s\src\hotspot\share\interpreter\linkResolver.cpp, line 771]
Event: 3.492 Thread 0x000002276e268f00 Exception <a 'java/lang/NoSuchMethodError'{0x00000000890055f8}: 'java.lang.Object java.lang.invoke.DirectMethodHandle$Holder.invokeStatic(java.lang.Object, java.lang.Object, int)'> (0x00000000890055f8) 
thrown [s\src\hotspot\share\interpreter\linkResolver.cpp, line 771]
Event: 3.495 Thread 0x000002276e268f00 Exception <a 'java/lang/NoSuchMethodError'{0x0000000089014760}: 'void java.lang.invoke.DelegatingMethodHandle$Holder.delegate(java.lang.Object, java.lang.Object, int, java.lang.Object)'> (0x0000000089014760) 
thrown [s\src\hotspot\share\interpreter\linkResolver.cpp, line 771]
Event: 4.200 Thread 0x000002276e268f00 Exception <a 'java/lang/NoSuchMethodError'{0x0000000088f5b9c8}: 'void java.lang.invoke.DirectMethodHandle$Holder.invokeStaticInit(java.lang.Object, java.lang.Object)'> (0x0000000088f5b9c8) 
thrown [s\src\hotspot\share\interpreter\linkResolver.cpp, line 771]
Event: 4.233 Thread 0x000002276e268f00 Exception <a 'java/lang/NoSuchMethodError'{0x0000000088fe6c30}: 'java.lang.Object java.lang.invoke.DirectMethodHandle$Holder.invokeSpecial(java.lang.Object, java.lang.Object, java.lang.Object, java.lang.Object, java.lang.Object, java.lang.Object, int)'> (0x0000000088fe6c30) 
thrown [s\src\hotspot\share\interpreter\linkResolver.cpp, line 771]
Event: 4.234 Thread 0x000002276e268f00 Exception <a 'java/lang/NoSuchMethodError'{0x0000000088ff1198}: 'java.lang.Object java.lang.invoke.DirectMethodHandle$Holder.newInvokeSpecial(java.lang.Object, java.lang.Object, java.lang.Object, java.lang.Object, java.lang.Object, java.lang.Object, int)'> (0x0000000088ff1198) 
thrown [s\src\hotspot\share\interpreter\linkResolver.cpp, line 771]
Event: 4.235 Thread 0x000002276e268f00 Exception <a 'java/lang/NoSuchMethodError'{0x0000000088ff61d8}: 'java.lang.Object java.lang.invoke.DirectMethodHandle$Holder.invokeSpecial(java.lang.Object, java.lang.Object, java.lang.Object, java.lang.Object, java.lang.Object, java.lang.Object, java.lang.Object, int)'> (0x0000000088ff61d8) 
thrown [s\src\hotspot\share\interpreter\linkResolver.cpp, line 771]
Event: 4.355 Thread 0x000002276e268f00 Exception <a 'java/lang/NoSuchMethodError'{0x0000000088dc6228}: 'void java.lang.invoke.DirectMethodHandle$Holder.invokeSpecial(java.lang.Object, java.lang.Object, java.lang.Object, java.lang.Object, java.lang.Object)'> (0x0000000088dc6228) 
thrown [s\src\hotspot\share\interpreter\linkResolver.cpp, line 771]

VM Operations (20 events):
Event: 1.479 Executing VM operation: HandshakeAllThreads
Event: 1.479 Executing VM operation: HandshakeAllThreads done
Event: 1.481 Executing VM operation: HandshakeAllThreads
Event: 1.481 Executing VM operation: HandshakeAllThreads done
Event: 1.859 Executing VM operation: G1CollectForAllocation
Event: 1.869 Executing VM operation: G1CollectForAllocation done
Event: 1.897 Executing VM operation: HandshakeAllThreads
Event: 1.897 Executing VM operation: HandshakeAllThreads done
Event: 2.221 Executing VM operation: HandshakeAllThreads
Event: 2.227 Executing VM operation: HandshakeAllThreads done
Event: 2.315 Executing VM operation: HandshakeAllThreads
Event: 2.315 Executing VM operation: HandshakeAllThreads done
Event: 2.327 Executing VM operation: HandshakeAllThreads
Event: 2.327 Executing VM operation: HandshakeAllThreads done
Event: 2.702 Executing VM operation: G1CollectForAllocation
Event: 2.709 Executing VM operation: G1CollectForAllocation done
Event: 3.123 Executing VM operation: HandshakeAllThreads
Event: 3.124 Executing VM operation: HandshakeAllThreads done
Event: 3.542 Executing VM operation: HandshakeAllThreads
Event: 3.542 Executing VM operation: HandshakeAllThreads done

Events (20 events):
Event: 4.214 loading class java/util/regex/Pattern$Neg
Event: 4.214 loading class java/util/regex/Pattern$Neg done
Event: 4.230 loading class java/util/stream/StreamSpliterators$WrappingSpliterator
Event: 4.230 loading class java/util/stream/StreamSpliterators$AbstractWrappingSpliterator
Event: 4.230 loading class java/util/stream/StreamSpliterators$AbstractWrappingSpliterator done
Event: 4.230 loading class java/util/stream/StreamSpliterators$WrappingSpliterator done
Event: 4.231 loading class java/util/stream/StreamSpliterators
Event: 4.231 loading class java/util/stream/StreamSpliterators done
Event: 4.231 loading class java/util/function/BooleanSupplier
Event: 4.231 loading class java/util/function/BooleanSupplier done
Event: 4.278 loading class java/util/regex/Matcher
Event: 4.279 loading class java/util/regex/MatchResult
Event: 4.279 loading class java/util/regex/MatchResult done
Event: 4.279 loading class java/util/regex/Matcher done
Event: 4.279 loading class java/util/regex/IntHashSet
Event: 4.279 loading class java/util/regex/IntHashSet done
Event: 4.377 loading class java/io/UnsupportedEncodingException
Event: 4.377 loading class java/io/UnsupportedEncodingException done
Event: 4.378 loading class java/lang/AssertionError
Event: 4.378 loading class java/lang/AssertionError done


Dynamic libraries:
0x00007ff70c840000 - 0x00007ff70c84a000 	C:\Users\zineb\.jdks\jbrsdk_jcef-17.0.8.1\bin\java.exe
0x00007ffbf21f0000 - 0x00007ffbf2407000 	C:\WINDOWS\SYSTEM32\ntdll.dll
0x00007ffbf0cd0000 - 0x00007ffbf0d94000 	C:\WINDOWS\System32\KERNEL32.DLL
0x00007ffbef900000 - 0x00007ffbefca6000 	C:\WINDOWS\System32\KERNELBASE.dll
0x00007ffbef7e0000 - 0x00007ffbef8f1000 	C:\WINDOWS\System32\ucrtbase.dll
0x00007ffbd0ee0000 - 0x00007ffbd0ef7000 	C:\Users\zineb\.jdks\jbrsdk_jcef-17.0.8.1\bin\jli.dll
0x00007ffbf16a0000 - 0x00007ffbf184e000 	C:\WINDOWS\System32\USER32.dll
0x00007ffbef690000 - 0x00007ffbef6b6000 	C:\WINDOWS\System32\win32u.dll
0x00007ffbf1650000 - 0x00007ffbf1679000 	C:\WINDOWS\System32\GDI32.dll
0x00007ffbefe20000 - 0x00007ffbeff38000 	C:\WINDOWS\System32\gdi32full.dll
0x00007ffbef740000 - 0x00007ffbef7da000 	C:\WINDOWS\System32\msvcp_win.dll
0x00007ffbd0f00000 - 0x00007ffbd0f1b000 	C:\Users\zineb\.jdks\jbrsdk_jcef-17.0.8.1\bin\VCRUNTIME140.dll
0x00007ffbdd020000 - 0x00007ffbdd2b3000 	C:\WINDOWS\WinSxS\amd64_microsoft.windows.common-controls_6595b64144ccf1df_6.0.22621.2506_none_270c5ae97388e100\COMCTL32.dll
0x00007ffbf00e0000 - 0x00007ffbf0187000 	C:\WINDOWS\System32\msvcrt.dll
0x00007ffbf0a80000 - 0x00007ffbf0ab1000 	C:\WINDOWS\System32\IMM32.DLL
0x00007ffbd08f0000 - 0x00007ffbd08fc000 	C:\Users\zineb\.jdks\jbrsdk_jcef-17.0.8.1\bin\vcruntime140_1.dll
0x00007ffbd0860000 - 0x00007ffbd08ed000 	C:\Users\zineb\.jdks\jbrsdk_jcef-17.0.8.1\bin\msvcp140.dll
0x00007ffbcfbd0000 - 0x00007ffbd0853000 	C:\Users\zineb\.jdks\jbrsdk_jcef-17.0.8.1\bin\server\jvm.dll
0x00007ffbf1f90000 - 0x00007ffbf2041000 	C:\WINDOWS\System32\ADVAPI32.dll
0x00007ffbf15a0000 - 0x00007ffbf1645000 	C:\WINDOWS\System32\sechost.dll
0x00007ffbf1480000 - 0x00007ffbf1597000 	C:\WINDOWS\System32\RPCRT4.dll
0x00007ffbee370000 - 0x00007ffbee3bd000 	C:\WINDOWS\SYSTEM32\POWRPROF.dll
0x00007ffbcfbc0000 - 0x00007ffbcfbc9000 	C:\WINDOWS\SYSTEM32\WSOCK32.dll
0x00007ffbf2100000 - 0x00007ffbf2171000 	C:\WINDOWS\System32\WS2_32.dll
0x00007ffbe8430000 - 0x00007ffbe8464000 	C:\WINDOWS\SYSTEM32\WINMM.dll
0x00007ffbde250000 - 0x00007ffbde25a000 	C:\WINDOWS\SYSTEM32\VERSION.dll
0x00007ffbee350000 - 0x00007ffbee363000 	C:\WINDOWS\SYSTEM32\UMPDC.dll
0x00007ffbee610000 - 0x00007ffbee628000 	C:\WINDOWS\SYSTEM32\kernel.appcore.dll
0x00007ffbcfbb0000 - 0x00007ffbcfbba000 	C:\Users\zineb\.jdks\jbrsdk_jcef-17.0.8.1\bin\jimage.dll
0x00007ffbd0ca0000 - 0x00007ffbd0ed3000 	C:\WINDOWS\SYSTEM32\DBGHELP.DLL
0x00007ffbf1aa0000 - 0x00007ffbf1e29000 	C:\WINDOWS\System32\combase.dll
0x00007ffbf1e30000 - 0x00007ffbf1f07000 	C:\WINDOWS\System32\OLEAUT32.dll
0x00007ffbd0c60000 - 0x00007ffbd0c92000 	C:\WINDOWS\SYSTEM32\dbgcore.DLL
0x00007ffbef6c0000 - 0x00007ffbef73a000 	C:\WINDOWS\System32\bcryptPrimitives.dll
0x00007ffbd1690000 - 0x00007ffbd169e000 	C:\Users\zineb\.jdks\jbrsdk_jcef-17.0.8.1\bin\instrument.dll
0x00007ffbcfb80000 - 0x00007ffbcfba5000 	C:\Users\zineb\.jdks\jbrsdk_jcef-17.0.8.1\bin\java.dll
0x00007ffbcfb60000 - 0x00007ffbcfb78000 	C:\Users\zineb\.jdks\jbrsdk_jcef-17.0.8.1\bin\zip.dll
0x00007ffbcfa80000 - 0x00007ffbcfb57000 	C:\Users\zineb\.jdks\jbrsdk_jcef-17.0.8.1\bin\jsvml.dll
0x00007ffbf01a0000 - 0x00007ffbf09fa000 	C:\WINDOWS\System32\SHELL32.dll
0x00007ffbed440000 - 0x00007ffbedd36000 	C:\WINDOWS\SYSTEM32\windows.storage.dll
0x00007ffbed300000 - 0x00007ffbed43e000 	C:\WINDOWS\SYSTEM32\wintypes.dll
0x00007ffbf1380000 - 0x00007ffbf1473000 	C:\WINDOWS\System32\SHCORE.dll
0x00007ffbf1320000 - 0x00007ffbf137e000 	C:\WINDOWS\System32\shlwapi.dll
0x00007ffbef490000 - 0x00007ffbef4b6000 	C:\WINDOWS\SYSTEM32\profapi.dll
0x00007ffbcf910000 - 0x00007ffbcf929000 	C:\Users\zineb\.jdks\jbrsdk_jcef-17.0.8.1\bin\net.dll
0x00007ffbe7050000 - 0x00007ffbe7187000 	C:\WINDOWS\SYSTEM32\WINHTTP.dll
0x00007ffbeea80000 - 0x00007ffbeeae9000 	C:\WINDOWS\system32\mswsock.dll
0x00007ffbcf720000 - 0x00007ffbcf736000 	C:\Users\zineb\.jdks\jbrsdk_jcef-17.0.8.1\bin\nio.dll
0x00007ffbceed0000 - 0x00007ffbceeea000 	C:\Users\zineb\AppData\Local\Programs\IntelliJ IDEA Ultimate\bin\breakgen64.dll
0x00007ffbee080000 - 0x00007ffbee179000 	C:\WINDOWS\SYSTEM32\DNSAPI.dll
0x00007ffbee010000 - 0x00007ffbee03d000 	C:\WINDOWS\SYSTEM32\IPHLPAPI.DLL
0x00007ffbf2180000 - 0x00007ffbf2189000 	C:\WINDOWS\System32\NSI.dll
0x00007ffbe7230000 - 0x00007ffbe723a000 	C:\Windows\System32\rasadhlp.dll
0x00007ffbe4fc0000 - 0x00007ffbe5043000 	C:\WINDOWS\System32\fwpuclnt.dll
0x00007ffbcf540000 - 0x00007ffbcf549000 	C:\Users\zineb\.jdks\jbrsdk_jcef-17.0.8.1\bin\management.dll
0x00007ffbcf530000 - 0x00007ffbcf53b000 	C:\Users\zineb\.jdks\jbrsdk_jcef-17.0.8.1\bin\management_ext.dll
0x00007ffbf0a70000 - 0x00007ffbf0a78000 	C:\WINDOWS\System32\PSAPI.DLL
0x00007ffbeedd0000 - 0x00007ffbeedeb000 	C:\WINDOWS\SYSTEM32\CRYPTSP.dll
0x00007ffbee570000 - 0x00007ffbee5a5000 	C:\WINDOWS\system32\rsaenh.dll
0x00007ffbeeb20000 - 0x00007ffbeeb4c000 	C:\WINDOWS\SYSTEM32\USERENV.dll
0x00007ffbeef10000 - 0x00007ffbeef38000 	C:\WINDOWS\SYSTEM32\bcrypt.dll
0x00007ffbeedb0000 - 0x00007ffbeedbc000 	C:\WINDOWS\SYSTEM32\CRYPTBASE.dll
0x00007ffbe7000000 - 0x00007ffbe7019000 	C:\WINDOWS\SYSTEM32\dhcpcsvc6.DLL
0x00007ffbe6de0000 - 0x00007ffbe6dff000 	C:\WINDOWS\SYSTEM32\dhcpcsvc.DLL
0x00007ffbcad20000 - 0x00007ffbcad37000 	C:\WINDOWS\system32\napinsp.dll
0x00007ffbcad00000 - 0x00007ffbcad1b000 	C:\WINDOWS\system32\pnrpnsp.dll
0x00007ffbcabe0000 - 0x00007ffbcabf1000 	C:\WINDOWS\System32\winrnr.dll
0x00007ffbe6d20000 - 0x00007ffbe6d35000 	C:\WINDOWS\system32\wshbth.dll
0x00007ffbcabb0000 - 0x00007ffbcabd1000 	C:\WINDOWS\system32\nlansp_c.dll

dbghelp: loaded successfully - version: 4.0.5 - missing functions: none
symbol engine: initialized successfully - sym options: 0x614 - pdb path: .;C:\Users\zineb\.jdks\jbrsdk_jcef-17.0.8.1\bin;C:\WINDOWS\SYSTEM32;C:\WINDOWS\WinSxS\amd64_microsoft.windows.common-controls_6595b64144ccf1df_6.0.22621.2506_none_270c5ae97388e100;C:\Users\zineb\.jdks\jbrsdk_jcef-17.0.8.1\bin\server;C:\Users\zineb\AppData\Local\Programs\IntelliJ IDEA Ultimate\bin

VM Arguments:
jvm_args: -XX:TieredStopAtLevel=1 -Dspring.output.ansi.enabled=always -Dcom.sun.management.jmxremote -Dspring.jmx.enabled=true -Dspring.liveBeansView.mbeanDomain -Dspring.application.admin.enabled=true -Dmanagement.endpoints.jmx.exposure.include=* -javaagent:C:\Users\zineb\AppData\Local\Programs\IntelliJ IDEA Ultimate\lib\idea_rt.jar=63564:C:\Users\zineb\AppData\Local\Programs\IntelliJ IDEA Ultimate\bin -Dfile.encoding=UTF-8 
java_command: eddamghi.order_service.OrderServiceApplication
java_class_path (initial): C:\Users\zineb\IdeaProjects\Zineb-Eddamghi\order-service\target\classes;C:\Users\zineb\.m2\repository\org\springframework\boot\spring-boot-starter-web\3.2.1\spring-boot-starter-web-3.2.1.jar;C:\Users\zineb\.m2\repository\org\springframework\boot\spring-boot-starter\3.2.1\spring-boot-starter-3.2.1.jar;C:\Users\zineb\.m2\repository\org\springframework\boot\spring-boot\3.2.1\spring-boot-3.2.1.jar;C:\Users\zineb\.m2\repository\org\springframework\boot\spring-boot-autoconfigure\3.2.1\spring-boot-autoconfigure-3.2.1.jar;C:\Users\zineb\.m2\repository\org\springframework\boot\spring-boot-starter-logging\3.2.1\spring-boot-starter-logging-3.2.1.jar;C:\Users\zineb\.m2\repository\ch\qos\logback\logback-classic\1.4.14\logback-classic-1.4.14.jar;C:\Users\zineb\.m2\repository\ch\qos\logback\logback-core\1.4.14\logback-core-1.4.14.jar;C:\Users\zineb\.m2\repository\org\apache\logging\log4j\log4j-to-slf4j\2.21.1\log4j-to-slf4j-2.21.1.jar;C:\Users\zineb\.m2\repository\org\apache\logging\log4j\log4j-api\2.21.1\log4j-api-2.21.1.jar;C:\Users\zineb\.m2\repository\org\slf4j\jul-to-slf4j\2.0.9\jul-to-slf4j-2.0.9.jar;C:\Users\zineb\.m2\repository\jakarta\annotation\jakarta.annotation-api\2.1.1\jakarta.annotation-api-2.1.1.jar;C:\Users\zineb\.m2\repository\org\yaml\snakeyaml\2.2\snakeyaml-2.2.jar;C:\Users\zineb\.m2\repository\org\springframework\boot\spring-boot-starter-json\3.2.1\spring-boot-starter-json-3.2.1.jar;C:\Users\zineb\.m2\repository\com\fasterxml\jackson\core\jackson-databind\2.15.3\jackson-databind-2.15.3.jar;C:\Users\zineb\.m2\repository\com\fasterxml\jackson\datatype\jackson-datatype-jdk8\2.15.3\jackson-datatype-jdk8-2.15.3.jar;C:\Users\zineb\.m2\repository\com\fasterxml\jackson\datatype\jackson-datatype-jsr310\2.15.3\jackson-datatype-jsr310-2.15.3.jar;C:\Users\zineb\.m2\repository\com\fasterxml\jackson\module\jackson-module-parameter-names\2.15.3\jackson-module-parameter-names-2.15.3.jar;C:\Users\zineb\.m2\repository\org\springframework\boot\spring
Launcher Type: SUN_STANDARD

[Global flags]
     intx CICompilerCount                          = 3                                         {product} {ergonomic}
     uint ConcGCThreads                            = 1                                         {product} {ergonomic}
     uint G1ConcRefinementThreads                  = 4                                         {product} {ergonomic}
   size_t G1HeapRegionSize                         = 1048576                                   {product} {ergonomic}
    uintx GCDrainStackTargetSize                   = 64                                        {product} {ergonomic}
   size_t InitialHeapSize                          = 134217728                                 {product} {ergonomic}
     bool ManagementServer                         = true                                      {product} {command line}
   size_t MarkStackSize                            = 4194304                                   {product} {ergonomic}
   size_t MaxHeapSize                              = 2116026368                                {product} {ergonomic}
   size_t MaxNewSize                               = 1268776960                                {product} {ergonomic}
   size_t MinHeapDeltaBytes                        = 1048576                                   {product} {ergonomic}
   size_t MinHeapSize                              = 8388608                                   {product} {ergonomic}
    uintx NonProfiledCodeHeapSize                  = 0                                      {pd product} {ergonomic}
     bool ProfileInterpreter                       = false                                  {pd product} {command line}
    uintx ProfiledCodeHeapSize                     = 0                                      {pd product} {ergonomic}
   size_t SoftMaxHeapSize                          = 2116026368                             {manageable} {ergonomic}
     intx TieredStopAtLevel                        = 1                                         {product} {command line}
     bool UseCompressedClassPointers               = true                           {product lp64_product} {ergonomic}
     bool UseCompressedOops                        = true                           {product lp64_product} {ergonomic}
     bool UseG1GC                                  = true                                      {product} {ergonomic}
     bool UseLargePagesIndividualAllocation        = false                                  {pd product} {ergonomic}

Logging:
Log output configuration:
 #0: stdout all=warning uptime,level,tags
 #1: stderr all=off uptime,level,tags

Environment Variables:
PATH=C:\Program Files\Python\Scripts\;C:\Program Files\Python\;C:\Program Files\Microsoft SDKs\Azure\CLI2\wbin;C:\WINDOWS\system32;C:\WINDOWS;C:\WINDOWS\System32\Wbem;C:\WINDOWS\System32\WindowsPowerShell\v1.0\;C:\WINDOWS\System32\OpenSSH\;C:\Program Files\Docker\Docker\resources\bin;C:\Program Files (x86)\Microsoft SQL Server\160\Tools\Binn\;C:\Program Files\Microsoft SQL Server\160\Tools\Binn\;C:\Program Files\Microsoft SQL Server\Client SDK\ODBC\170\Tools\Binn\;C:\Program Files\Microsoft SQL Server\160\DTS\Binn\;C:\Program Files (x86)\Microsoft SQL Server\160\DTS\Binn\;C:\Program Files\AzureConnectedMachineAgent\;C:\Program Files\Sql Server Extension\;C:\Program Files\Azure Data Studio\bin;C:\ProgramData\chocolatey\bin;C:\Program Files\consul_1.16.2_windows_amd64;C:\Program Files\nodejs\;C:\Program Files\Git\cmd;C:\Users\zineb\AppData\Roaming\Python\Python312\Scripts;C:\Program Files\dotnet\;C:\Users\zineb\AppData\Local\Programs\Python\Launcher\;C:\Users\zineb\AppData\Local\Microsoft\WindowsApps;C:\Users\zineb\AppData\Local\JetBrains\Toolbox\scripts;;C:\Program Files\Azure Data Studio\bin;C:\Users\zineb\AppData\Roaming\npm;C:\Users\zineb\AppData\Local\Programs\Microsoft VS Code\bin
USERNAME=zineb
OS=Windows_NT
PROCESSOR_IDENTIFIER=Intel64 Family 6 Model 61 Stepping 4, GenuineIntel
TMP=C:\Users\zineb\AppData\Local\Temp
TEMP=C:\Users\zineb\AppData\Local\Temp


JNI global refs:
JNI global refs: 16, weak refs: 0

JNI global refs memory usage: 843, weak refs: 841

OOME stack traces (most recent first):
Classloader memory used:
Loader bootstrap                                                                       : 1903K
Loader jdk.internal.loader.ClassLoaders$AppClassLoader                                 : 515K
Loader jdk.internal.loader.ClassLoaders$PlatformClassLoader                            : 3021B
Loader jdk.internal.reflect.DelegatingClassLoader                                      : 1683B


---------------  S Y S T E M  ---------------

OS:
 Windows 11 , 64 bit Build 22621 (10.0.22621.2506)
OS uptime: 4 days 7:20 hours
Hyper-V role detected

CPU: total 4 (initial active 4) (2 cores per cpu, 2 threads per core) family 6 model 61 stepping 4 microcode 0x2f, cx8, cmov, fxsr, ht, mmx, 3dnowpref, sse, sse2, sse3, ssse3, sse4.1, sse4.2, popcnt, lzcnt, tsc, tscinvbit, avx, avx2, aes, erms, clmul, bmi1, bmi2, rtm, adx, fma, vzeroupper, clflush, hv
Processor Information for all 4 processors :
  Max Mhz: 2301, Current Mhz: 2300, Mhz Limit: 2277

Memory: 4k page, system-wide physical 8067M (689M free)
TotalPageFile size 23230M (AvailPageFile size 28M)
current process WorkingSet (physical memory assigned to process): 90M, peak: 90M
current process commit charge ("private bytes"): 221M, peak: 223M

vm_info: OpenJDK 64-Bit Server VM (17.0.8.1+7-b1072.1) for windows-amd64 JRE (17.0.8.1+7-b1072.1), built on 2023-10-04 by "builduser" with MS VC++ 16.10 / 16.11 (VS2019)

END.
